epoch,binary_accuracy,loss,lr,val_binary_accuracy,val_loss
0,0.9086680665351718,2.557373851130533,1e-04,0.9420060874520182,1.4918027241693947
1,0.931226251372966,1.789674588634664,1e-04,0.938819303348831,1.48997852829567
2,0.9371169844930421,1.5397910773184955,1e-04,0.9386241970027522,1.71014609942203
3,0.9416553785714421,1.392792636801427,1e-04,0.9426750368928066,1.7103628688002477
4,0.9446223884387498,1.3022114391874704,1e-04,0.9447840735021664,1.7501699853762132
5,0.9459393098435949,1.2675373134098862,1e-04,0.9475899323216338,1.4753282080083683
6,0.9479789669352234,1.2100725337081462,1e-04,0.94679091152862,1.4872654126908602
7,0.949101760442761,1.1734739415740518,1e-04,0.9499684074790867,1.4018675103768101
8,0.9508226777604626,1.1376077041097792,1e-04,0.9521517766626023,1.307956507253101
9,0.9507138079985379,1.1256295145564936,1e-04,0.9499869897387898,1.4349268998613467
10,0.9516555917881231,1.096573816227356,1e-04,0.9547439435270153,1.2244890388663427
11,0.9523402874701276,1.0714147289331324,1e-04,0.9543072658820654,1.193865435800741
12,0.9532584597557604,1.0463032127389897,1e-04,0.9541307400590299,1.268800343608757
13,0.9539418433037241,1.0261649323206774,1e-04,0.9549483401966393,1.1808391847918112
14,0.9544166703922591,1.0218119173125582,1e-04,0.9541028677238758,1.1308015603552748
15,0.9544901243386787,1.011596137387682,1e-04,0.9562583612849883,1.1134948499741093
16,0.9543064901074667,1.0074929806197357,1e-04,0.9577913641557485,1.0427246679252442
17,0.9547472112203671,0.998319961608936,1e-04,0.9583859833172531,1.0487025840969662
18,0.9547196673772506,1.012482832991921,1e-04,0.9578935634209139,1.077201031249222
19,0.9556601380520812,0.9886534079084036,1e-04,0.9584510197996721,1.0288037930021177
20,0.9561572642916184,0.9775414918073915,1e-04,0.9590363496300085,1.0367068514987656
21,0.9564523908015616,0.9629884790057248,1e-04,0.958562509078265,1.0501804598660425
22,0.9567462051511949,0.9554869818218097,1e-04,0.9599654349526555,0.990816593170166
23,0.9569377109957841,0.9502906006076393,1e-04,0.9602627471383975,0.9807445281005923
24,0.9575056661168296,0.9399627446427786,1e-04,0.9602255849758866,1.0532397338180464
25,0.9578952336689616,0.9306337017397953,1e-04,0.9612104203648919,0.9422972599872069
26,0.9578506363126453,0.928490231780381,1e-04,0.9599375662768916,1.0545306847073161
27,0.9580723095679223,0.9162909002911419,1e-04,0.9605972162766709,1.007927514139745
28,0.9584172797812508,0.9078987307865154,1e-04,0.9609967289060262,0.9790075233401915
29,0.958802912060833,0.901194208752694,1e-04,0.9611360920083386,0.9978510274103107
30,0.958742575785899,0.8996994607736137,1e-04,0.9607087119436909,0.9300693907425133
31,0.9591360782603257,0.8921083314961338,1e-04,0.9616842587458108,0.9481407447362418
32,0.959365621079988,0.8877257745101691,1e-04,0.9622417141321918,0.9421251384574343
33,0.9593328293837061,0.8856565540401145,1e-04,0.9624275318293616,0.9277351083666179
34,0.9590809882098714,0.8893925205926039,1e-04,0.9590828001313105,0.9691669410026781
35,0.9582874255417131,0.9122720970900132,1e-04,0.9545767068490774,3.914176513203473
36,0.9581903603890577,0.9132282317026221,1e-04,0.961061767683317,0.9221302949427069
37,0.9588120944772818,0.905426243074108,1e-04,0.9609688596100266,0.9425864949682873
38,0.9586271479193887,0.9072473987146711,1e-04,0.9620187319776394,1.0254934475399577
39,0.9596069706980135,0.8842729299940936,1e-04,0.9608109126353983,1.0950890124526407
40,0.9598430713245447,0.875218755009417,1e-04,0.9621209331655354,1.053842414058086
41,0.9602182105772468,0.8661332307223341,1e-04,0.9632451306644761,1.1085371734200358
42,0.9605487534018082,0.8552732813703308,5e-05,0.9636074784643072,0.9511699831572581
43,0.9612150833490085,0.8507568990149231,5e-05,0.9642485503599622,0.8648435452974301
44,0.9610353838649636,0.8446554754893125,5e-05,0.9628734971308436,0.85839058953443
45,0.9609579958981559,0.8426436372172452,5e-05,0.9636725149467262,0.8839184786973213
46,0.9616007163203444,0.8319327003965998,5e-05,0.9639326615586613,0.8715086870213329
47,0.9618368167104535,0.8308339413521976,5e-05,0.9647409732334323,0.8759396504785218
48,0.9617869748459069,0.8270591966325147,5e-05,0.9643321710248147,0.9542958576398883
49,0.961914207496814,0.8250290589201585,5e-05,0.9647038097064031,0.8776146453203445
50,0.9624192010240792,0.8149585828340508,2.5e-05,0.9650104085563,0.8771451226630395
51,0.9622578662153171,0.8137322738690052,2.5e-05,0.9656886454675497,0.8353862795943896
52,0.9622408141206501,0.8124017677889253,2.5e-05,0.9648710465704117,0.8735907425741499
53,0.9625503692627654,0.8076621121433455,2.5e-05,0.9649732435407053,0.8819933172691377
54,0.9625595523446987,0.806087467644872,2.5e-05,0.9654656636231151,0.8783461016745274
55,0.9628494310802836,0.8013292485105146,2.5e-05,0.9652798434450028,0.8476148672580223
56,0.9627969635203667,0.7992673116369852,2.5e-05,0.965437786884288,0.8290488775141157
57,0.9628336917851419,0.7988821920081349,2.5e-05,0.965818716819775,0.8628622649487546
58,0.9628756650485043,0.8008456248814653,2.5e-05,0.9655678607174559,0.8437031627197543
59,0.9627576142974199,0.8019142693861722,2.5e-05,0.9659302096337111,0.8251643704326046
60,0.9629701057316816,0.7995384738486262,2.5e-05,0.9656143149401717,0.8458048349612709
61,0.9632586751002405,0.7942158890064722,2.5e-05,0.9652055168251094,0.863893913800957
62,0.9630107663794027,0.7989864421517765,2.5e-05,0.9655492805665539,0.8459923769135133
63,0.9630251963425439,0.7952813893333307,2.5e-05,0.9651962292306009,0.8618564139915926
64,0.9633308161245457,0.7909662133098893,2.5e-05,0.9656979360391893,0.8529351604840758
65,0.9633386856889311,0.7896418153617952,1.25e-05,0.9658465922561074,0.8051581542152024
66,0.9635433080404082,0.786745742324587,1.25e-05,0.965837301808515,0.8157431914332506
67,0.9636325013695335,0.7860938478745569,1.25e-05,0.9660695719297173,0.8314935766571394
68,0.9637741628452529,0.7808964636438969,1.25e-05,0.966366885293907,0.8158988734313775
69,0.9635761001569961,0.783904839984047,1.25e-05,0.9665341175061483,0.8154803876698203
70,0.9635852809009773,0.7824720210995428,1.25e-05,0.965930208641334,0.8472521976799424
71,0.9635629831422385,0.7809026809941484,6.25e-06,0.9661624814915731,0.8395902680680853
72,0.9636666050685105,0.7771054031356098,6.25e-06,0.966208935156077,0.8137814447857463
73,0.9636849674671358,0.7776746758021359,6.25e-06,0.9661253174683554,0.8124675527447592
74,0.9638122015365757,0.7773480323227173,6.25e-06,0.9661996462590736,0.8231894498561101
75,0.9638620451523972,0.7781614051247652,6.25e-06,0.9665155372311992,0.8221535577238164
76,0.9637846554693399,0.7754452780548023,3.125e-06,0.9664226289098146,0.8331813627425639
77,0.9637059559551686,0.7789534816609547,3.125e-06,0.9665619923842685,0.8326852754549231
78,0.9639341867896487,0.7742938006416333,3.125e-06,0.9664226271731549,0.8207363961390477
79,0.9639223827583001,0.7764350191969274,3.125e-06,0.9664690823262242,0.8455381286752087
80,0.9639354986785108,0.7769326482100057,3.125e-06,0.9666084462968666,0.8381718761218823
81,0.9640102644349854,0.7754306174837686,1.5625e-06,0.9665434121093194,0.8236170335441176
82,0.9642489889968557,0.7719571537097261,1.5625e-06,0.9665991556632035,0.8152673629022413
83,0.9637125134117823,0.7789104436836842,1.5625e-06,0.9666549029385014,0.8158974818086773
84,0.9640417436907536,0.7719955781981759,1.5625e-06,0.966571281529366,0.8351463179310452
85,0.9640141980613366,0.7764623143940188,1.5625e-06,0.9665898644713283,0.8533260266565011
