epoch,binary_accuracy,loss,lr,val_binary_accuracy,val_loss
0,0.9102258536535109,2.5328746787287497,1e-04,0.945613588450163,1.451731177662739
1,0.9308924293208706,1.7993910327417526,1e-04,0.9451155423150827,1.7554184160899922
2,0.9376566577224877,1.5239711553429616,1e-04,0.9377535399026852,1.7575653987288717
3,0.9413876483940298,1.3948419741985194,1e-04,0.9437934607569635,1.48831262211287
4,0.9450830914776643,1.2916441294550016,1e-04,0.9493081678483356,1.3876575969053815
5,0.9468393155130023,1.2356254773940072,1e-04,0.9505849733313972,1.483202656190729
6,0.9490273565150615,1.1797156767379706,1e-04,0.9513546750705092,1.4639082368440608
7,0.9503912623742097,1.1390592325616116,1e-04,0.9523054878803586,1.2681291226682991
8,0.9497619700340422,1.1462629129667965,1e-04,0.9551760364497651,1.2939280249767806
9,0.9508046483930251,1.1055979381371164,1e-04,0.9546870442964968,1.215034996882897
10,0.9517130401063478,1.0830409602758913,1e-04,0.9568874958078953,1.188777743440129
11,0.952105361182793,1.0653162620581558,1e-04,0.9469356707336937,1.6754378152909193
12,0.9530953755775268,1.050796558321911,1e-04,0.9557736887167724,1.1358980440948363
13,0.95351534347132,1.0324348723139605,1e-04,0.9575213701681481,1.1149461900486666
14,0.9537891780370388,1.0345039147256363,1e-04,0.9586985654086176,1.1263851142558317
15,0.9544526984015949,1.0142331858786535,1e-04,0.9587981751676021,1.1271818000936604
16,0.9542525886821381,1.0161090686025256,1e-04,0.9566973361959322,1.1206981509500777
17,0.9536588425412709,1.0254562971198922,1e-04,0.9564981188541977,1.1234394667356542
18,0.9538076088443262,1.0145780314600457,1e-04,0.9571682133732654,1.1062152186223508
19,0.9549569212486877,0.9913904565303806,1e-04,0.9595407120596323,1.005027690959025
20,0.9557573607592975,0.9711566539473043,1e-04,0.9601926994613895,0.9868606038799634
21,0.9562589511938835,0.960932200354343,1e-04,0.9588072290285122,1.181868129521306
22,0.9566446888661251,0.9506464721319142,1e-04,0.9606635778477419,0.9662054606673683
23,0.9569843496168233,0.9448581579265184,1e-04,0.9614151734367588,0.939357007613772
24,0.9569553845894088,0.9429827976001817,1e-04,0.9603738054542464,0.9760705585653835
25,0.957093618394913,0.9417352577079823,1e-04,0.9600749806506639,0.9775960278559408
26,0.9569290549099111,0.9389671710907833,1e-04,0.9609080710227301,0.9612346376173395
27,0.9574912057377111,0.9278269961357679,1e-04,0.9615872256896075,0.9089557312081358
28,0.9582837451632766,0.9180281951307231,1e-04,0.9615419458665906,0.957968775931043
29,0.9579072227452716,0.9220802511869367,1e-04,0.9600297031247833,1.0248517442426623
30,0.9574977880521216,0.928325405130693,1e-04,0.9594320523085991,0.9598264139274071
31,0.9576044270894549,0.918288399919371,1e-04,0.9631990746842437,0.9031964998699831
32,0.95845752458803,0.9038220950721183,1e-04,0.9629093039833749,0.8972799597840764
33,0.9588129816418094,0.8985165441257699,1e-04,0.961849829004454,0.9631699270457331
34,0.9584088129865072,0.9028820459802606,1e-04,0.9613789491672786,0.930500199901163
35,0.958055987554256,0.9123826394809519,1e-04,0.9579560286374895,1.0019096950972055
36,0.9584601577387838,0.9030180042101479,1e-04,0.9629908040861087,0.9360298301578777
37,0.9588946059579099,0.896705995070762,1e-04,0.9630089128960461,0.8992113888142801
38,0.9595001996249022,0.8777450845326621,5e-05,0.9632715195961463,0.9143621262623862
39,0.9599083184984996,0.8734764957702185,5e-05,0.9633439597928741,0.8850741197806584
40,0.9599517626559899,0.870731438728463,5e-05,0.9641317769915289,0.8488663734819052
41,0.9601110605601538,0.8619992339621599,5e-05,0.9645121015351394,0.8293142779361887
42,0.960053134425064,0.8571164397074037,5e-05,0.9645573783356084,0.8272046568911168
43,0.9604862669828331,0.85587704489274,5e-05,0.9645573790610199,0.8285121459506346
44,0.9607732660191771,0.849835376442797,5e-05,0.9648471490364771,0.8127219146212022
45,0.9608404088146881,0.847358989332391,5e-05,0.9646479321783503,0.8104838685380035
46,0.9610392016775311,0.8409544070784373,5e-05,0.9643853252364463,0.8327510529792816
47,0.9610958105341518,0.8341407798729404,5e-05,0.9656530751659711,0.7934673411609193
48,0.9612669585834595,0.8374098159506833,5e-05,0.9658251260888988,0.7994210568934861
49,0.9615816028200396,0.8337147452950091,5e-05,0.9652908605204151,0.8480527677835847
50,0.9617724965997446,0.828697316715479,5e-05,0.9656621295104888,0.8176838287717189
51,0.9616763933469187,0.8236345689369141,5e-05,0.9653361373208841,0.8488608254138644
52,0.9619252129804768,0.821654055875088,5e-05,0.9658613463686155,0.8109724478112273
53,0.9621542858465764,0.8144653288708503,2.5e-05,0.9653904708839092,0.843176290664905
54,0.9621279564483156,0.8124071399534885,2.5e-05,0.9657164630735138,0.8607890685721779
55,0.9623807249642937,0.8106345319002647,2.5e-05,0.9658432374377763,0.8681306201836159
56,0.9624636655921115,0.8082933539980036,2.5e-05,0.9657979594282882,0.8335752140194117
57,0.9622846211841486,0.8104222204895436,2.5e-05,0.966214503526204,0.8130391703174273
58,0.962674306754481,0.8034206898435313,1.25e-05,0.9660967856826937,0.798122760732082
59,0.9625926836512145,0.8037179864215767,1.25e-05,0.9662326158422969,0.7829799338963646
60,0.9627598790565588,0.801167551815879,1.25e-05,0.9660786736084046,0.8044317958321098
61,0.9629455086967651,0.7966047409044118,1.25e-05,0.9661782856645256,0.8109426956631349
62,0.9628823159437762,0.7979873713755179,1.25e-05,0.9663050612378072,0.8024590773466392
63,0.9625966333421906,0.8007675744164696,1.25e-05,0.966250726465763,0.8032332245283146
64,0.962713802978726,0.7978463259392944,1.25e-05,0.9664318334258353,0.7929735923635548
65,0.9628230729169179,0.800044000306969,6.25e-06,0.9665948297624414,0.7815266504249031
66,0.9630705766430367,0.7964842641504772,6.25e-06,0.9665586097245285,0.784548282623291
67,0.962832288891824,0.7952382097867202,6.25e-06,0.96671255002399,0.7906265290223561
68,0.9628467698147851,0.7949604314887323,6.25e-06,0.9664137235277807,0.8020064315737866
69,0.9629349763925643,0.7941259791175372,6.25e-06,0.9665314440311331,0.7759955896567138
70,0.9629481426560749,0.7935934032496714,6.25e-06,0.9665586060974709,0.7739167402046931
71,0.9627585640982941,0.7936826582786011,6.25e-06,0.9665495524783647,0.7773551841778398
72,0.9630244997390707,0.7917203261099253,6.25e-06,0.96660388289794,0.7704493796365982
73,0.9630547783888747,0.7904430813263454,6.25e-06,0.9665404983756508,0.7773458596175389
74,0.9629231267220079,0.7897299652393502,6.25e-06,0.9666310514929812,0.7723898569662238
75,0.9629652568000989,0.7931607018456421,6.25e-06,0.9667306604056523,0.7769747106830682
76,0.9632733200581437,0.7887275669469976,6.25e-06,0.9666672729817172,0.7778582396420214
77,0.9631021729052788,0.7932883742740815,6.25e-06,0.9665314437893293,0.7679841441024873
78,0.963089007432747,0.791726714933351,6.25e-06,0.9666944386751125,0.7739888872142737
79,0.9629270770984988,0.7901671675235182,6.25e-06,0.9666944406095431,0.7809645029400715
80,0.9632022269388737,0.7905345256614741,6.25e-06,0.9666038853159783,0.7766995419111503
81,0.9630231818629731,0.7879711315189621,6.25e-06,0.9665495546545992,0.7846020163919089
82,0.9632943836822161,0.7885810249641348,6.25e-06,0.9664499447747128,0.7779843496502534
83,0.9633378286482627,0.7855497104374225,3.125e-06,0.9666310529438042,0.7718161363872504
84,0.9632364578635177,0.7876021321352096,3.125e-06,0.9664318329422276,0.7808782723080556
85,0.9631758982437053,0.7902856113565456,3.125e-06,0.9666944394005239,0.7708831417391314
86,0.9633786402350504,0.7851541195777763,3.125e-06,0.9667216050939192,0.7708871154224172
87,0.9632483052490244,0.7872165363997142,3.125e-06,0.9666763285352541,0.7665546728679665
88,0.9634155026581814,0.7878192110562248,3.125e-06,0.9668574350117186,0.7660209339482306
89,0.9631706321003936,0.7876453026491996,3.125e-06,0.9668664905652555,0.7667361817060088
90,0.9633312459119967,0.7851156768317913,3.125e-06,0.9667487690946877,0.773892610600222
91,0.9632746352976453,0.7875004175735132,3.125e-06,0.9666763261172158,0.7768948373156194
92,0.9632496230899672,0.7868075014848127,3.125e-06,0.9669027137466183,0.782553197645996
93,0.9633983873540551,0.7849918891286048,3.125e-06,0.9669389325755121,0.7654684640572956
94,0.963335194935035,0.7857051732019139,3.125e-06,0.9669660994779266,0.7673661186535509
95,0.9635432029290735,0.782988529980833,3.125e-06,0.9668483796999856,0.767156503384302
96,0.96328516770731,0.7850390221650043,3.125e-06,0.9669479886126566,0.7654441925139747
97,0.9633852223912652,0.7827544399891164,3.125e-06,0.9668393231792334,0.7654111270488638
98,0.9634589483448974,0.7851997584552759,3.125e-06,0.9668574359789339,0.7607711818348806
99,0.963557685258219,0.7833122949408978,3.125e-06,0.9669570444079973,0.770690994620565
