epoch,binary_accuracy,loss,lr,val_binary_accuracy,val_loss
0,0.6735647399317933,0.8622140252671036,1e-04,0.8084432082534078,0.8647639381474462
1,0.8298107912603011,0.8215241870040635,1e-04,0.8571156873906118,0.8275669756332227
2,0.8672549693642799,0.805312393355672,1e-04,0.8723286726411893,0.805022986617098
3,0.8744167840013248,0.795332243012946,1e-04,0.8892712206192481,0.7914622714988601
4,0.8767114614920081,0.7885300606199156,1e-04,0.8814292930928012,0.8015628521147413
5,0.8828740445114244,0.7822019162342563,1e-04,0.9010160064842347,0.7741813114400325
6,0.8856031706255117,0.7781273982265431,1e-04,0.8931650180845667,0.7784328764157169
7,0.8864246722661229,0.7754812757724929,1e-04,0.8990872218207462,0.7660703239527967
8,0.8874199531908691,0.7724079591480548,1e-04,0.8943059970350826,0.7738513484687882
9,0.8910298246052089,0.7698840856270888,1e-04,0.898507678726382,0.7710148585737356
10,0.8911970195535431,0.7683870091054406,1e-04,0.8927575315955203,0.7639608290084235
11,0.8928584543802998,0.7642175751919241,1e-04,0.9044298736367216,0.7602229502815262
12,0.8943645445093297,0.7649859900813438,1e-04,0.8972218162389605,0.7731449206267119
13,0.8985944897402215,0.7608713240301458,1e-04,0.9156222760556436,0.7642437342939705
14,0.8984694212138987,0.7601487372906571,1e-04,0.918737315261098,0.7529253930639301
15,0.8994554889761076,0.7589454681111872,1e-04,0.9015955475232664,0.7572510070781437
16,0.9008602050510137,0.7571111326195152,1e-04,0.9194798577146163,0.7459241240068092
17,0.901588234075998,0.7577796313517285,1e-04,0.9077079062771362,0.766247002275672
18,0.9009260306207876,0.7580887575446241,1e-04,0.9096095281488755,0.7465342352162994
19,0.9002190653956489,0.7571851117039318,1e-04,0.9133765563278121,0.7439157513043944
20,0.899475235673257,0.75644236762627,1e-04,0.9142005922344587,0.7578544711002714
21,0.8994146756843211,0.7544270500044175,1e-04,0.9101437948054765,0.7643323839315295
22,0.8993462169813708,0.7520917469475762,1e-04,0.9219429125408614,0.7491514750474848
23,0.9001176922203903,0.7508055057999519,1e-04,0.9103882871341512,0.7534420382662187
24,0.9033365595906718,0.7508843798828632,1e-04,0.9138564872451534,0.7550949869001129
25,0.9051112156109766,0.7448398397932781,5e-05,0.9182392737202906,0.7348922192445875
26,0.9070043575971115,0.7414829840494166,5e-05,0.9178951703027103,0.7416640638579703
27,0.9083037524756271,0.74062725318916,5e-05,0.9212003728680872,0.7300361868817714
28,0.9082194952372779,0.7382907651230777,5e-05,0.9254292224290163,0.7351621856070435
29,0.9091357874750775,0.7410213891048764,5e-05,0.9198420707884474,0.7341383095928912
30,0.9086170815605922,0.7365125229983722,5e-05,0.9243244696824111,0.7281205342217343
31,0.9107458786217733,0.7380713992011966,5e-05,0.9252028362504368,0.7338971051918324
32,0.910028380934238,0.7361304935928081,5e-05,0.9246776258727841,0.7277895574879211
33,0.9112856488634231,0.7344560524911805,5e-05,0.9202767284114752,0.740791713006598
34,0.9119294219332014,0.7375057020815943,5e-05,0.9282001587004981,0.7245777723271755
35,0.9109170253176283,0.7350969377853497,5e-05,0.9255922196119358,0.7249407802102048
36,0.9126798319310363,0.7348926177210457,5e-05,0.9332530355840377,0.7267686491322082
37,0.9112580011144777,0.7328625644459129,5e-05,0.9240890294011176,0.7266807991399242
38,0.911566064864687,0.733675387133472,5e-05,0.9235547621400071,0.730996977243172
39,0.9122743472979857,0.7337131009837302,5e-05,0.9318585173353462,0.7248048163330821
40,0.9147072579789675,0.7297536559387563,2.5e-05,0.9310616449458604,0.7211482705015682
41,0.9159342454830407,0.7282524635502807,2.5e-05,0.9292415220887376,0.7172168536795563
42,0.9160448316099088,0.727960249836977,2.5e-05,0.9301923321178428,0.7200973984194092
43,0.9166438457924369,0.7271253365536631,2.5e-05,0.9324018391827783,0.7184905211533784
44,0.9159658412531181,0.7276339430051088,2.5e-05,0.9303100510494704,0.7183147545518547
45,0.9162330938032404,0.725627833008942,2.5e-05,0.9342853529699917,0.7166678609277365
46,0.9171678159694621,0.7267854851243489,2.5e-05,0.9319219058473985,0.7180215966628967
47,0.9179169107981046,0.7261202536793593,2.5e-05,0.9318494600891826,0.717510236083373
48,0.9175561859487468,0.7262121206256571,2.5e-05,0.9341857412765766,0.7192357916377379
49,0.9178208048911054,0.7257388865691095,2.5e-05,0.9372011724156734,0.7167535667245335
50,0.9180432945639291,0.7241933860458198,2.5e-05,0.9354987689737858,0.7171607774363087
51,0.9183539914648922,0.7219170071810826,1.25e-05,0.9333345389511232,0.7169504602105332
52,0.9183539909727276,0.7235944787860444,1.25e-05,0.9341585747368679,0.7151630901661654
53,0.9190675389517096,0.722475443537416,1.25e-05,0.9345660669083043,0.7166535132555159
54,0.9191412628136424,0.721381323452159,1.25e-05,0.934095188521952,0.7151225556224645
55,0.9192518505927771,0.7223678914644978,1.25e-05,0.9341857418810862,0.7151065144771012
56,0.9192400025744876,0.7222133771890175,1.25e-05,0.9337510836535486,0.7131788454964969
57,0.9189385211914206,0.7211118948139719,1.25e-05,0.9335699785070052,0.7120537356479173
58,0.9195875606505929,0.719014018765244,1.25e-05,0.9341314109779033,0.7135177289738375
59,0.9192439520545359,0.7199239962328081,1.25e-05,0.9353538796335882,0.7122924991601862
60,0.9196296900607464,0.7209226993887307,1.25e-05,0.9345751185929799,0.713739563678873
61,0.9198363816903355,0.7204396572833004,1.25e-05,0.9355259309192216,0.7135877895790471
62,0.9200483396917415,0.7221525790100075,1.25e-05,0.9362503592431183,0.71351943441627
63,0.9204156452911296,0.7182795743047927,6.25e-06,0.937898433111744,0.7121463992291
64,0.9203248077070281,0.7180352272343333,6.25e-06,0.937409444948239,0.7103500107480837
65,0.9205604625711467,0.7188295939790573,6.25e-06,0.9370019533813121,0.7110021217115994
66,0.9209290853611174,0.7188394589256797,6.25e-06,0.9379980429916305,0.7110472611674914
67,0.9210620538494433,0.7183188773017125,6.25e-06,0.9367302917321846,0.711218663209834
68,0.9212174005685602,0.7179805009247665,6.25e-06,0.9360058657054243,0.711268040398797
69,0.9209488326207406,0.7181839935725434,6.25e-06,0.9370019527768024,0.7118092913173033
70,0.9207026457160808,0.7175722575686878,3.125e-06,0.9351637177244887,0.7119773776245891
71,0.9211818541583323,0.7177505572086167,3.125e-06,0.9360511439567164,0.711443265843343
72,0.9211647394342571,0.7174952562246939,3.125e-06,0.9380795403136201,0.7105942737258231
73,0.9213148202912992,0.717278450367128,3.125e-06,0.9369114017148047,0.7106999579597922
74,0.9210462538902825,0.7177955500498102,3.125e-06,0.936630684874846,0.7107575382228797
75,0.9214477908185926,0.7162564922595439,1.5625e-06,0.9364043018397163,0.7095449829198284
76,0.9211897538566758,0.717357805224514,1.5625e-06,0.9374637764559315,0.7099775888373354
77,0.9213174558325666,0.7164312395786543,1.5625e-06,0.9367484036855717,0.7106078802692962
78,0.921291125520286,0.7166126340372799,1.5625e-06,0.9363137458207399,0.7102024932420278
79,0.9214082956314087,0.715545673877994,1.5625e-06,0.9366035194232546,0.7103648815628965
80,0.9212095015381543,0.7181617548879851,1.5625e-06,0.9368208473884552,0.7098668480016155
81,0.9215465298587683,0.7171197911871109,7.8125e-07,0.9372555040442677,0.7097072864884537
82,0.921094963980157,0.719587895589675,7.8125e-07,0.9364314622134272,0.7094292741034626
83,0.9212016022616661,0.7184977544088765,7.8125e-07,0.9368299010075614,0.7094341037723162
84,0.9212766433317588,0.716559821685413,7.8125e-07,0.9368117913513107,0.7096033494080781
85,0.9207737373061252,0.717100467522986,7.8125e-07,0.9371287299218091,0.7098546367871592
86,0.9213582677181686,0.7157912472292091,7.8125e-07,0.9366669080562089,0.7095688912737925
87,0.921324038252441,0.7167617351528608,7.8125e-07,0.9374818865957899,0.7096275747668671
88,0.9214741196895342,0.7154820429403428,3.90625e-07,0.9369295104038401,0.709880977687681
89,0.920852727381679,0.7175002771294318,3.90625e-07,0.9369747876879168,0.7091181824705421
90,0.921587340865505,0.7161890621278111,3.90625e-07,0.9370925081912692,0.7094947278620505
91,0.9211581580514439,0.7166082440172103,3.90625e-07,0.9369385657155731,0.7101358151097327
92,0.921343785441755,0.7153520514676086,3.90625e-07,0.9376901599746689,0.7095994393192004
93,0.9216386844049475,0.7160224017932401,3.90625e-07,0.9370472282473504,0.7091980173911816
94,0.9216742301823924,0.7153238468696079,3.90625e-07,0.9367665150344493,0.710155217932881
95,0.9210120258131621,0.717087516616629,1.953125e-07,0.9377444940213016,0.7093334392650132
96,0.9214188273379811,0.7173976625920889,1.953125e-07,0.9363046914762222,0.7099003916338056
97,0.9221863530617975,0.7157689154025061,1.953125e-07,0.9375362196752073,0.7095712581706095
98,0.9213293048176081,0.7165500218802868,1.953125e-07,0.9378803217628665,0.7086607844060623
99,0.9211937020360035,0.7167946307647196,1.953125e-07,0.9365129634042783,0.7095503449198198
