epoch,binary_accuracy,loss,lr,val_binary_accuracy,val_loss
0,0.933143934269976,0.20042272004111586,1e-04,0.9505270761084618,0.16252752558420633
1,0.9482720460056178,0.15799104043021583,1e-04,0.9481370372019955,0.1577804577942113
2,0.9512721433336299,0.1444946680533386,1e-04,0.9492548148747315,0.1537897262409443
3,0.9534814243915376,0.13578962800989594,1e-04,0.9532715360930251,0.13816809298579627
4,0.955452539233713,0.1290638780670294,1e-04,0.9560977812031753,0.12898790260762658
5,0.9568196887661121,0.12460460372241154,1e-04,0.9556615742714957,0.13035091862044565
6,0.9579144604133528,0.12105263234838425,1e-04,0.9556979264618483,0.13025228926395338
7,0.9589710734489786,0.11774354448256377,1e-04,0.9588785884337874,0.11966646485807939
8,0.9599711048199867,0.11501433547479421,1e-04,0.9598964059625873,0.11924010357480619
9,0.9605184904898849,0.11273174847007264,1e-04,0.9583787731541932,0.118858846559476
10,0.9612408830785565,0.11082589419885441,1e-04,0.9590694307977613,0.11622396747726217
11,0.9617093189904073,0.10895065572045545,1e-04,0.9627317348206013,0.11106875258623491
12,0.9620501180403481,0.10738687346252325,1e-04,0.96105052787839,0.11426717041406316
13,0.9625988207177172,0.10583133801129438,1e-04,0.9622228314858357,0.11242387852140966
14,0.9629093561340438,0.10437155505951798,1e-04,0.9635496178352803,0.10665282709452942
15,0.9633909507934807,0.10367598137949696,1e-04,0.9627226472204271,0.10930226974511571
16,0.9639067562878523,0.10225502028978967,1e-04,0.9624591096363602,0.10929051971693379
17,0.9639620208791182,0.10114320867995015,1e-04,0.9644674675155231,0.10532470743619758
18,0.9640804458609661,0.10011806375644297,1e-04,0.9641221426825487,0.10618712665470502
19,0.9649541589542845,0.0988960915106011,1e-04,0.9633315183430834,0.1067307394196969
20,0.9649225783351597,0.09820050072680085,1e-04,0.9645219955735534,0.10124624618364654
21,0.9652370610670002,0.0967962924556008,1e-04,0.9657579092275702,0.09919614736512114
22,0.9657515520573752,0.09607081741333956,1e-04,0.9640130892661388,0.10237200373532511
23,0.9660160339982795,0.09494998557481424,1e-04,0.9643402441160672,0.10303452294367263
24,0.9662870959037091,0.0942732233826707,1e-04,0.9651672144882552,0.10079437214454622
25,0.9667226358667311,0.09326799565525556,1e-04,0.9650399877521525,0.10276608357144373
26,0.9668450085857307,0.09289313309708812,1e-04,0.9651217773670459,0.10230059208533236
27,0.9678568820306507,0.08935278436801347,5e-05,0.9676663047181437,0.09254108119860253
28,0.9685634837936928,0.08776272995030025,5e-05,0.9671119595605302,0.09574243651546595
29,0.9689358648418651,0.08709459512065386,5e-05,0.9673118873103581,0.09527257711984426
30,0.9690279715950668,0.08625264418484423,5e-05,0.9684296638911007,0.09181212556877816
31,0.9690477104696842,0.0854696617898545,5e-05,0.9683478772488563,0.09061919701387561
32,0.9691266588003122,0.08527099759442902,5e-05,0.9681479521380126,0.09273911215952638
33,0.9695082499497625,0.08432895203562477,5e-05,0.9665939700512486,0.09623670951859035
34,0.9699108944075538,0.08358964730757144,5e-05,0.9668393368332744,0.09532807258552571
35,0.9701016909309639,0.083128376077924,5e-05,0.9691384968563497,0.08959120219293745
36,0.9701332699557709,0.08275983750899217,5e-05,0.9673118890090147,0.09414601744586275
37,0.9705122287153416,0.08217792290537862,5e-05,0.968411491997066,0.09255817033179843
38,0.9706438134593414,0.08126431242291415,5e-05,0.9669029520061483,0.09430941105571412
39,0.9705451255601505,0.0811021085667958,5e-05,0.9689476581626872,0.08992940439598554
40,0.9710346153688786,0.07982224414280042,5e-05,0.9682933521331418,0.09292004690067156
41,0.9719478017403148,0.0770164069042755,2.5e-05,0.9697564552455155,0.08790752561265276
42,0.9722478122395305,0.07607129470329718,2.5e-05,0.9691930244593826,0.08911115766405756
43,0.9721688618094979,0.07600801312205768,2.5e-05,0.9694383912110753,0.08819914352499499
44,0.972443869901682,0.07546619586929296,2.5e-05,0.9698473344929043,0.08716634992728099
45,0.9727675651987461,0.07484193678711151,2.5e-05,0.9691930254300435,0.09049122565954393
46,0.9728636209627969,0.07434990508030988,2.5e-05,0.9690385357114195,0.0911141676074676
47,0.9729794142531027,0.07382337780462493,2.5e-05,0.9698200715710492,0.08877432058937373
48,0.9733399505965193,0.07321976170588344,2.5e-05,0.9687386458763336,0.09080053107201598
49,0.9733623212724803,0.07304753715924688,2.5e-05,0.9693111657792982,0.08905438240096163
50,0.9739110234184102,0.07117483659367617,1.25e-05,0.9699745586203559,0.08822416502404153
51,0.9745228847251453,0.07011919097073015,1.25e-05,0.969974559257352,0.08820009852259517
52,0.9745899923082635,0.06974853843694305,1.25e-05,0.9705198149644692,0.0870494120524433
53,0.9747005223604233,0.0692527490879298,1.25e-05,0.9695656176438465,0.08910195505194385
54,0.9746202561922251,0.0692131920312695,1.25e-05,0.9696564939185863,0.08951883991711013
55,0.9747807876414254,0.06871689919078458,1.25e-05,0.9699836475551886,0.0887041942460543
56,0.9749965845032067,0.06831411460981242,1.25e-05,0.9695837911455383,0.09037394396221364
57,0.975222907384506,0.06788725374473344,1.25e-05,0.9696201420922316,0.09069711401414021
58,0.9754834411183082,0.06726566971196025,6.25e-06,0.970610690450547,0.08829848737131245
59,0.9755426537102495,0.06664532191667655,6.25e-06,0.9697110156976539,0.09005029761533398
60,0.9757308170751696,0.06625458791991445,6.25e-06,0.9699382093116528,0.08820041064694334
61,0.9758400323554169,0.06580397944943256,6.25e-06,0.9704562020059153,0.08889897090712273
62,0.9760900411281876,0.06582628281213462,6.25e-06,0.9703198869113097,0.0894812511654604
63,0.9761545157592427,0.06504543830390336,3.125e-06,0.9703107974001469,0.08912093017544152
64,0.9763979464033693,0.06466506497658447,3.125e-06,0.9705925162815259,0.08864031626674662
65,0.9761913595418485,0.06478142625191842,3.125e-06,0.970392588531698,0.08939431526582053
66,0.976241361676755,0.06485020445548445,3.125e-06,0.9705470795849808,0.08895989802426661
67,0.9765887411831317,0.06395902366344267,3.125e-06,0.970210838105539,0.08992539566133465
68,0.9765255796725744,0.06391621210248159,1.5625e-06,0.9703744155153367,0.08903300003468535
69,0.9766545323341389,0.06411453603349819,1.5625e-06,0.9705834287116849,0.08912328968142129
70,0.9763861025726336,0.06383333861537975,1.5625e-06,0.9702381003297316,0.08996843728627868
71,0.9765242659415803,0.06427908490537042,1.5625e-06,0.9704834630167818,0.08930539465284226
72,0.9765400556120979,0.06368640888978909,1.5625e-06,0.9705289059619564,0.0892781720551219
