epoch,binary_accuracy,loss,lr,val_binary_accuracy,val_loss
0,0.9332420847265197,0.19912122711218677,1e-04,0.9490282283680735,0.162009569049588
1,0.9485294454204984,0.1569107962874113,1e-04,0.9498104263414767,0.1515731352970054
2,0.9516791233769679,0.14407558275781196,1e-04,0.9500680964222215,0.15678887975735015
3,0.9539185753089087,0.13552497585060658,1e-04,0.9559852014463975,0.13533398862261037
4,0.9553975308043587,0.1296065761071166,1e-04,0.9548901245477918,0.1311541893599851
5,0.9570643118882397,0.124550153076515,1e-04,0.956748996036503,0.1267376422413659
6,0.9581190198500972,0.1209517045343248,1e-04,0.9590127708923568,0.11964121964659097
7,0.9590712780788662,0.11790055586618006,1e-04,0.9553594443946117,0.13189646529877994
8,0.959864608360097,0.1146968970706361,1e-04,0.9598501859267818,0.12129509535010283
9,0.9605121451343812,0.11289316818388269,1e-04,0.9616998582732827,0.11247872036162555
10,0.9611255307576536,0.11077614856275515,1e-04,0.962288807329828,0.11403870625583144
11,0.9616995133638496,0.10897011725040678,1e-04,0.961055695872367,0.11447745899093179
12,0.9623378545932546,0.10750789695146493,1e-04,0.9602642911698701,0.11514836247013083
13,0.9626176216910881,0.10603932641288487,1e-04,0.9609268564626255,0.11593237509665431
14,0.9631692741890574,0.10445515491537741,1e-04,0.9589299513979752,0.12528773230380294
15,0.9643277471647999,0.10132191607573854,5e-05,0.9645525817556561,0.10126838291913877
16,0.9644774820203881,0.09983889255232224,5e-05,0.9655832434339457,0.10033859944518649
17,0.9650291343868329,0.09885281457582405,5e-05,0.9654176019264601,0.09920248946549812
18,0.965373260605476,0.09756822192319499,5e-05,0.9658409094755197,0.09797555720397598
19,0.9654743979469192,0.09717293504216874,5e-05,0.9620311440219894,0.11194479094587384
20,0.965898644610259,0.09626724542355661,5e-05,0.9651415315186722,0.09966493166620294
21,0.9659511838544661,0.09574924937706382,5e-05,0.9656108552664403,0.09937218693199
22,0.9662059949099445,0.09494064504583535,5e-05,0.9664298617265422,0.09563505931387117
23,0.9667773499423419,0.09355967336748625,5e-05,0.9662366142840583,0.09681474495006265
24,0.9664988972835492,0.09399651996658469,5e-05,0.9647642392161211,0.10224208274711748
25,0.9671162215986712,0.09265229427855257,5e-05,0.9666691222039734,0.0957560363549358
26,0.9670177131046207,0.09222213750771091,5e-05,0.9660525671817137,0.09719017853144978
27,0.9673106153335486,0.09108139606367595,5e-05,0.966945191843858,0.095081835689541
28,0.9676166510758213,0.0907243014229742,5e-05,0.9676997856023661,0.09274130993222982
29,0.9675588574928918,0.09060106099338004,5e-05,0.9660341601124808,0.09748336788736278
30,0.9681052579187417,0.0897366261347207,5e-05,0.9657488901017407,0.09863139079253534
31,0.968088182835356,0.08902651484123918,5e-05,0.9674513199009315,0.09399228197870657
32,0.9680382723574351,0.0884309507031526,5e-05,0.9672580741785507,0.09384147675803445
33,0.9685268790118372,0.08788721696370391,5e-05,0.9660249587894254,0.09655466723560335
34,0.9690299351706124,0.08567763683408239,2.5e-05,0.9688040667727754,0.09019611409009348
35,0.9695868401462344,0.08465238012953524,2.5e-05,0.9678102122911071,0.09263105544385698
36,0.9698810554244292,0.0837014386181925,2.5e-05,0.9678654273862969,0.0917908066892802
37,0.9700715077010614,0.08323437444418247,2.5e-05,0.968684438023792,0.09096622247420706
38,0.9700833295461451,0.08285134746352447,2.5e-05,0.9679850590533124,0.09212463444515898
39,0.9703368267588265,0.08192278501158065,2.5e-05,0.9678378204683826,0.09169597896015143
40,0.9708162389972668,0.080835119625249,1.25e-05,0.9685924154555359,0.0910393907253013
41,0.9711945165422875,0.07957930510253923,1.25e-05,0.9686844360272437,0.09038757909107564
42,0.9713678929573484,0.07928380522105505,1.25e-05,0.9686568325802519,0.09006101459253237
43,0.9714900455098343,0.07917938193038551,1.25e-05,0.9687212470019487,0.08992183937589644
44,0.9715465244739729,0.078686747096471,1.25e-05,0.9690801364433762,0.08988993775691762
45,0.9718341706346332,0.07803687126322337,1.25e-05,0.9687764601005903,0.09003158593951074
46,0.9716240179805721,0.07813667922856936,1.25e-05,0.9687396518289044,0.08997071352978092
47,0.9719852202536889,0.07767871970569815,1.25e-05,0.9688684824231174,0.09074582552205684
48,0.9719261139130383,0.07752732562956763,1.25e-05,0.9688500790398197,0.0898262849675107
49,0.9719720847630947,0.07711181962262326,1.25e-05,0.968813269570205,0.09169110673830332
50,0.9720114887885245,0.07707467763604371,1.25e-05,0.9688776830089857,0.09025648080102411
51,0.972222955807096,0.07663605592371914,1.25e-05,0.9692641817949016,0.08968569868846794
52,0.9723175252454128,0.07629800326433078,1.25e-05,0.9690341261421642,0.09088260075809322
53,0.9727023689859354,0.07548071582600963,1.25e-05,0.9689236994227071,0.09039933151231694
54,0.9725631412163473,0.07558011483747819,1.25e-05,0.9691445555339244,0.09037334373265436
55,0.9726800390508824,0.07517043527416156,1.25e-05,0.968574011335051,0.09059729637696674
56,0.9727286379526092,0.07522209203873258,1.25e-05,0.9688960915218767,0.09182057088719481
57,0.9730950939813572,0.07398579027505783,6.25e-06,0.9692549822226655,0.08962393619064447
58,0.9734168913237182,0.07302299227539086,6.25e-06,0.9695494569966671,0.0894429234682715
59,0.9735403561735902,0.07301030206296028,6.25e-06,0.9695954695094403,0.08955525350678953
60,0.9737308092130638,0.07243706296694677,6.25e-06,0.9695034442381649,0.09062106342382942
61,0.9735928949815748,0.07267290443581496,6.25e-06,0.9698163216582772,0.08953824576736265
62,0.9736493741386157,0.07195445599004904,6.25e-06,0.969485040824151,0.08965610975965461
63,0.9736900903562121,0.07252219203067818,6.25e-06,0.9693654111229676,0.09039503290166531
64,0.9740026954593394,0.07151955474628534,3.125e-06,0.9699451556619803,0.08930584751559084
65,0.9740499786725441,0.07148692072060385,3.125e-06,0.9697703138143554,0.08977045464461166
66,0.9738739762247115,0.07132634382402729,3.125e-06,0.9697703123399812,0.08986486244972634
67,0.9740933243293927,0.07092362363867592,3.125e-06,0.9698163214125483,0.08968295353154981
68,0.9742877149953685,0.07069434689566192,3.125e-06,0.969613873138467,0.09001710965146695
69,0.9741813261692812,0.07108544318528731,3.125e-06,0.9691813608261458,0.09028191456733921
70,0.9745280799200735,0.07012060618001398,1.5625e-06,0.969531049190247,0.08945726608068971
71,0.9745399003227735,0.06999836709738208,1.5625e-06,0.96946663231126,0.08947715774289851
72,0.9743310579274709,0.07060616191085162,1.5625e-06,0.9698439337365009,0.08915804013229774
73,0.97444270415899,0.07021260730529567,1.5625e-06,0.9695770614572912,0.09013102824265304
74,0.9745280800428296,0.06958908450443026,1.5625e-06,0.9698163248527545,0.08965565676876977
75,0.9746397244001267,0.06982091663684172,1.5625e-06,0.9695310506646211,0.08979782906927973
76,0.9746279029057747,0.069440428029755,1.5625e-06,0.9695770636688523,0.08982796237809515
77,0.9745280787473147,0.07019689851209808,1.5625e-06,0.9695126482642394,0.08988255627320864
78,0.974941819672779,0.06941164154982032,7.8125e-07,0.9696874930606125,0.09007179917932263
79,0.9748393694311298,0.06931664611426192,7.8125e-07,0.9693838125404333,0.08994104907864979
80,0.9746988276631076,0.06968800097798193,7.8125e-07,0.9696690864828376,0.0895913916764048
81,0.9746686195946666,0.06986613009130611,7.8125e-07,0.9694942431608385,0.09004501711324729
82,0.9747132780092365,0.06953356725513017,7.8125e-07,0.9693470045451926,0.09038046052685658
83,0.9744821081559228,0.07030754082412079,3.90625e-07,0.9694666352600082,0.08967103936494211
84,0.9746423506915628,0.06955279439368782,3.90625e-07,0.969549455522293,0.08970863312095043
85,0.9748958488227226,0.0693521592807833,3.90625e-07,0.9694114221613667,0.08992144105011918
86,0.9748157271066238,0.06941565595475982,3.90625e-07,0.9697058971810973,0.09006330606841267
87,0.9749286845745657,0.06903916241976571,3.90625e-07,0.9697887162147371,0.08946643196885287
88,0.9748722052881925,0.0691698499737434,1.953125e-07,0.9696874913405095,0.08966999163784431
89,0.9747539944372717,0.06948759728436883,1.953125e-07,0.9694666352600082,0.09007786890970343
90,0.9749707149813066,0.06906184227152415,1.953125e-07,0.9695862662205528,0.08964878508158333
91,0.9748341147109868,0.06903310933693471,1.953125e-07,0.9695678606256939,0.09010737582549733
92,0.9746620517682627,0.06938570146006556,1.953125e-07,0.9694390285878229,0.08974894884704038
