epoch,acc,loss,lr,val_acc,val_loss
0,0.9418391231077216,0.1775948625271048,0.01,0.9455345452063743,0.1627952997322676
1,0.9464725217532064,0.1613362395194441,0.01,0.9469983218245005,0.19027770535027472
2,0.9473726943058065,0.15844653190966018,0.01,0.948072995966356,0.16396225183313148
3,0.9481416474048469,0.15593563112208436,0.01,0.949240309749905,0.15638043887420386
4,0.949028699737137,0.1528997449416822,0.01,0.9505188033120023,0.16262069605435842
5,0.950015478532819,0.14906917537546843,0.01,0.9492125209512723,0.16413519379384478
6,0.9503067873702207,0.1462223540097623,0.01,0.9515378867760397,0.15448947901198526
7,0.9513578671954769,0.14258966273144497,0.01,0.9526125570988686,0.15906918605864434
8,0.9519837875538255,0.13958492126400282,0.01,0.9518065547200957,0.14751070954688328
9,0.953045363015281,0.1363957310470121,0.01,0.9541504510645736,0.14343672807385177
10,0.954291957614397,0.1323770501586505,0.01,0.9551510079670819,0.17505494666161395
11,0.9552734890179302,0.12906600876881066,0.01,0.9570965351452314,0.1265273300165023
12,0.9561710370280292,0.1261382408219199,0.01,0.9570131550657764,0.12529753787508272
13,0.9569872287932696,0.12331812333214462,0.01,0.9571891805386574,0.12489660021048112
14,0.9578860898816262,0.12120215524086968,0.01,0.9588197140532864,0.12228373504604965
15,0.958128847105969,0.11943653883932531,0.01,0.9586251610293308,0.12154545279946927
16,0.9589463511107053,0.11731877128925576,0.01,0.9608856791806747,0.11371649644408863
17,0.9593820041004827,0.11562134611515495,0.01,0.9611450821973007,0.11241451123229261
18,0.9596628170476477,0.11439352956934014,0.01,0.9617472683718542,0.11060253608048967
19,0.9595355323153152,0.11534488391231491,0.01,0.9601815837830421,0.1138781558079633
20,0.9600223611912851,0.11326030407329632,0.01,0.9592088212298976,0.12418110656483164
21,0.9606167895975157,0.11130114890563565,0.01,0.9614322778006626,0.11121184755353458
22,0.9612033461851652,0.10977787801849898,0.01,0.9633222188312565,0.10703288807054129
23,0.9616403104179984,0.10855697687016826,0.01,0.9626644455505252,0.10852842573873728
24,0.9618450133145353,0.10742848827571545,0.01,0.9628775271614857,0.10631963458545168
25,0.9621861881725705,0.10648967831572441,0.01,0.9634426535335496,0.10539529931607104
26,0.9625654148289865,0.10527553203124147,0.01,0.9642208665261472,0.10350543270237869
27,0.9631217893782565,0.10401205748793756,0.01,0.9644802671771414,0.10209148663607089
28,0.9632503853777344,0.10356559317710796,0.01,0.9645636498232296,0.10023253235951472
29,0.963619115800087,0.10251207947599619,0.01,0.9648230530563187,0.10096071715214218
30,0.9637700200067731,0.10158993052557878,0.01,0.9645173289587217,0.10193549074551475
31,0.9641610562536373,0.10109639369865911,0.01,0.9646840880353164,0.10116910323906501
32,0.9643526380670129,0.10023298886861484,0.01,0.965944044398272,0.09764337618720516
33,0.964731866836758,0.09974736261810502,0.01,0.9647859921096673,0.10044914062694198
34,0.9649719995908691,0.09874492847793978,0.01,0.9656568507276156,0.0973432810061482
35,0.9648460282740509,0.09825364655416796,0.01,0.9660459528637303,0.09872578651911244
36,0.9653459775827588,0.09707904697969054,0.01,0.9655642049940334,0.09949214077142736
37,0.9656451606433379,0.09662140638378587,0.01,0.9669723947069834,0.095922202022623
38,0.9658538022118233,0.09572004013317291,0.01,0.965981101773283,0.09757022362506806
39,0.9660270125408581,0.09495602176702053,0.01,0.9669538692586926,0.09479160892128481
40,0.9664259233372066,0.09455901548383028,0.01,0.9654808254402745,0.09854438520204542
41,0.9663904934336429,0.09372987887121059,0.01,0.9668612237415735,0.09449101136236339
42,0.9666293146249615,0.09310265323886638,0.01,0.9663702085788148,0.09725393116010302
43,0.9667447888514347,0.09295367572790433,0.01,0.9674912047602633,0.09297822879098269
44,0.9670570944361812,0.09204235918721082,0.01,0.9668519555053513,0.0945811558790244
45,0.9674402574957278,0.09129530317947517,0.01,0.9673059148701867,0.09422872661191356
46,0.9675032432745857,0.09076110083317868,0.01,0.9671762121481345,0.09418744564868133
47,0.9675465474473163,0.09010574300067002,0.01,0.9670743045021433,0.09350676477999074
48,0.9679795739279919,0.08946741801883785,0.01,0.9680655950547502,0.09194117012577453
49,0.968210522023972,0.08857658292108478,0.01,0.9669631302124795,0.09362697533093847
50,0.9681777170154959,0.08846855394452702,0.01,0.9686492540338469,0.08985064988895458
51,0.9686894781944198,0.0872848768073421,0.01,0.9675653183352004,0.09241892663923837
52,0.9688758107848244,0.08671811747420442,0.01,0.9682045597201346,0.09063389933488093
53,0.9689401088688775,0.08642786004876445,0.01,0.9665647604586085,0.09354368352588513
54,0.9693232717576058,0.08551413828014526,0.01,0.9680100102214343,0.09204605704924786
55,0.9689584802415293,0.08570903280473638,0.01,0.9678988350504567,0.09027047425740424
56,0.97005285874486,0.08300338613270627,0.005,0.9691587931915016,0.08843592241039226
57,0.9706499112402661,0.08157390833917151,0.005,0.9690383579944358,0.08880432213713378
58,0.970706337115922,0.08117852005069381,0.005,0.9690754179051568,0.08701352754803483
59,0.9708244363776416,0.08068634326885811,0.005,0.9695756960626397,0.08655328171958256
60,0.9711026238800343,0.080375993942903,0.005,0.9695849590419022,0.0863256902797522
61,0.9711590485490121,0.07976821192077288,0.005,0.9692607028011219,0.08723441537870662
62,0.9713348827745044,0.07929553714164293,0.005,0.9692514395126264,0.08747365097050228
63,0.9712548384647346,0.07901460802734224,0.005,0.9705484553379153,0.08479027651086082
64,0.9715868268754264,0.07847992164310139,0.005,0.9699740642548844,0.08716016279004428
65,0.9716301300977064,0.07830076256884833,0.005,0.9700203846710047,0.08651749575377747
66,0.9717456051826512,0.07759619256225643,0.005,0.9698906823354936,0.0864725641935252
67,0.971950307792301,0.07708542574197465,0.005,0.9698350979505656,0.08781409044248739
68,0.9719306261336141,0.07684644252810817,0.005,0.9696127521543342,0.0872903040584887
69,0.9727284460816371,0.07522411019165161,0.0025,0.9706503666328549,0.08534377116985359
70,0.9730853656302141,0.07429073325405176,0.0025,0.9705299274930694,0.08560714465982719
71,0.973297942182724,0.07385850090912773,0.0025,0.9700203850111608,0.08613930857714976
72,0.9731273571188832,0.07329648472312598,0.0025,0.9702797848736111,0.08592052777067079
73,0.9733648655363512,0.07355910709405158,0.0025,0.9693162892733721,0.08839466469374457
74,0.9736942287431684,0.0720466039005842,0.00125,0.9706411000355673,0.08543558455858713
75,0.9736364915083878,0.07221760144331639,0.00125,0.9706781596989019,0.08535393184067828
76,0.9738621917479436,0.07180217671279156,0.00125,0.9704187543939524,0.0853073946058982
77,0.9738923724898559,0.07154787553472733,0.00125,0.9705762494398926,0.08512903583536816
78,0.9739868514625498,0.07146931148781618,0.00125,0.9706225713403308,0.08523102920458939
79,0.974089204253275,0.07119462785192339,0.000625,0.9707522742169995,0.08496898543355376
80,0.9741836825602156,0.07109056660942367,0.000625,0.9706318351699839,0.08512761436122555
81,0.9743070295119209,0.07024649651289626,0.000625,0.9707985969678282,0.08534588189131245
82,0.9742807855695255,0.07052288121239726,0.000625,0.9707708055871006,0.08533541566164422
83,0.9742729127304145,0.07055478999078785,0.000625,0.9706410988914055,0.08532541452601416
